  BanCo.cpp
  Ngua.cpp
F:\OOP\NguyenKhaiDang_Ky2_2014-2015\Ky\Ngua.cpp(16,11): warning C4566: character represented by universal-character-name '\u0110' cannot be represented in the current code page (1252)
F:\OOP\NguyenKhaiDang_Ky2_2014-2015\Ky\Ngua.cpp(16,11): warning C4566: character represented by universal-character-name '\u1ECD' cannot be represented in the current code page (1252)
F:\OOP\NguyenKhaiDang_Ky2_2014-2015\Ky\Ngua.cpp(16,11): warning C4566: character represented by universal-character-name '\u1ED7' cannot be represented in the current code page (1252)
F:\OOP\NguyenKhaiDang_Ky2_2014-2015\Ky\Ngua.cpp(16,11): warning C4566: character represented by universal-character-name '\u01B0' cannot be represented in the current code page (1252)
F:\OOP\NguyenKhaiDang_Ky2_2014-2015\Ky\Ngua.cpp(16,11): warning C4566: character represented by universal-character-name '\u1EDB' cannot be represented in the current code page (1252)
F:\OOP\NguyenKhaiDang_Ky2_2014-2015\Ky\Ngua.cpp(16,11): warning C4566: character represented by universal-character-name '\u0111' cannot be represented in the current code page (1252)
F:\OOP\NguyenKhaiDang_Ky2_2014-2015\Ky\Ngua.cpp(16,11): warning C4566: character represented by universal-character-name '\u1EBF' cannot be represented in the current code page (1252)
F:\OOP\NguyenKhaiDang_Ky2_2014-2015\Ky\Ngua.cpp(16,11): warning C4566: character represented by universal-character-name '\u1EB1' cannot be represented in the current code page (1252)
F:\OOP\NguyenKhaiDang_Ky2_2014-2015\Ky\Ngua.cpp(16,11): warning C4566: character represented by universal-character-name '\u1EA1' cannot be represented in the current code page (1252)
F:\OOP\NguyenKhaiDang_Ky2_2014-2015\Ky\Ngua.cpp(16,11): warning C4566: character represented by universal-character-name '\u1EA3' cannot be represented in the current code page (1252)
F:\OOP\NguyenKhaiDang_Ky2_2014-2015\Ky\Ngua.cpp(16,11): warning C4566: character represented by universal-character-name '\u1EDD' cannot be represented in the current code page (1252)
F:\OOP\NguyenKhaiDang_Ky2_2014-2015\Ky\Ngua.cpp(16,11): warning C4566: character represented by universal-character-name '\u1ECB' cannot be represented in the current code page (1252)
F:\OOP\NguyenKhaiDang_Ky2_2014-2015\Ky\Ngua.cpp(16,11): warning C4566: character represented by universal-character-name '\u1EE3' cannot be represented in the current code page (1252)
  Phao.cpp
F:\OOP\NguyenKhaiDang_Ky2_2014-2015\Ky\Phao.cpp(16,11): warning C4566: character represented by universal-character-name '\u0110' cannot be represented in the current code page (1252)
F:\OOP\NguyenKhaiDang_Ky2_2014-2015\Ky\Phao.cpp(16,11): warning C4566: character represented by universal-character-name '\u1ECD' cannot be represented in the current code page (1252)
F:\OOP\NguyenKhaiDang_Ky2_2014-2015\Ky\Phao.cpp(16,11): warning C4566: character represented by universal-character-name '\u1ED1' cannot be represented in the current code page (1252)
F:\OOP\NguyenKhaiDang_Ky2_2014-2015\Ky\Phao.cpp(16,11): warning C4566: character represented by universal-character-name '\u01B0' cannot be represented in the current code page (1252)
F:\OOP\NguyenKhaiDang_Ky2_2014-2015\Ky\Phao.cpp(16,11): warning C4566: character represented by universal-character-name '\u1EC3' cannot be represented in the current code page (1252)
F:\OOP\NguyenKhaiDang_Ky2_2014-2015\Ky\Phao.cpp(16,11): warning C4566: character represented by universal-character-name '\u1EC7' cannot be represented in the current code page (1252)
F:\OOP\NguyenKhaiDang_Ky2_2014-2015\Ky\Phao.cpp(16,11): warning C4566: character represented by universal-character-name '\u1EBF' cannot be represented in the current code page (1252)
F:\OOP\NguyenKhaiDang_Ky2_2014-2015\Ky\Phao.cpp(16,11): warning C4566: character represented by universal-character-name '\u0103' cannot be represented in the current code page (1252)
F:\OOP\NguyenKhaiDang_Ky2_2014-2015\Ky\Phao.cpp(16,11): warning C4566: character represented by universal-character-name '\u1EA3' cannot be represented in the current code page (1252)
F:\OOP\NguyenKhaiDang_Ky2_2014-2015\Ky\Phao.cpp(16,11): warning C4566: character represented by universal-character-name '\u0111' cannot be represented in the current code page (1252)
F:\OOP\NguyenKhaiDang_Ky2_2014-2015\Ky\Phao.cpp(16,11): warning C4566: character represented by universal-character-name '\u1EA5' cannot be represented in the current code page (1252)
F:\OOP\NguyenKhaiDang_Ky2_2014-2015\Ky\Phao.cpp(16,11): warning C4566: character represented by universal-character-name '\u1EEF' cannot be represented in the current code page (1252)
F:\OOP\NguyenKhaiDang_Ky2_2014-2015\Ky\Phao.cpp(16,11): warning C4566: character represented by universal-character-name '\u1EEB' cannot be represented in the current code page (1252)
F:\OOP\NguyenKhaiDang_Ky2_2014-2015\Ky\Phao.cpp(16,11): warning C4566: character represented by universal-character-name '\u1ED7' cannot be represented in the current code page (1252)
  QTuong.cpp
F:\OOP\NguyenKhaiDang_Ky2_2014-2015\Ky\QTuong.cpp(16,10): warning C4566: character represented by universal-character-name '\u0110' cannot be represented in the current code page (1252)
F:\OOP\NguyenKhaiDang_Ky2_2014-2015\Ky\QTuong.cpp(16,10): warning C4566: character represented by universal-character-name '\u1ECD' cannot be represented in the current code page (1252)
F:\OOP\NguyenKhaiDang_Ky2_2014-2015\Ky\QTuong.cpp(16,10): warning C4566: character represented by universal-character-name '\u1ED7' cannot be represented in the current code page (1252)
F:\OOP\NguyenKhaiDang_Ky2_2014-2015\Ky\QTuong.cpp(16,10): warning C4566: character represented by universal-character-name '\u01B0' cannot be represented in the current code page (1252)
F:\OOP\NguyenKhaiDang_Ky2_2014-2015\Ky\QTuong.cpp(16,10): warning C4566: character represented by universal-character-name '\u1EDB' cannot be represented in the current code page (1252)
F:\OOP\NguyenKhaiDang_Ky2_2014-2015\Ky\QTuong.cpp(16,10): warning C4566: character represented by universal-character-name '\u0111' cannot be represented in the current code page (1252)
F:\OOP\NguyenKhaiDang_Ky2_2014-2015\Ky\QTuong.cpp(16,10): warning C4566: character represented by universal-character-name '\u1EE3' cannot be represented in the current code page (1252)
F:\OOP\NguyenKhaiDang_Ky2_2014-2015\Ky\QTuong.cpp(16,10): warning C4566: character represented by universal-character-name '\u1EC9' cannot be represented in the current code page (1252)
F:\OOP\NguyenKhaiDang_Ky2_2014-2015\Ky\QTuong.cpp(16,10): warning C4566: character represented by universal-character-name '\u1EDF' cannot be represented in the current code page (1252)
F:\OOP\NguyenKhaiDang_Ky2_2014-2015\Ky\QTuong.cpp(16,10): warning C4566: character represented by universal-character-name '\u1ED9' cannot be represented in the current code page (1252)
F:\OOP\NguyenKhaiDang_Ky2_2014-2015\Ky\QTuong.cpp(16,10): warning C4566: character represented by universal-character-name '\u1EE7' cannot be represented in the current code page (1252)
F:\OOP\NguyenKhaiDang_Ky2_2014-2015\Ky\QTuong.cpp(16,10): warning C4566: character represented by universal-character-name '\u1EDD' cannot be represented in the current code page (1252)
F:\OOP\NguyenKhaiDang_Ky2_2014-2015\Ky\QTuong.cpp(16,10): warning C4566: character represented by universal-character-name '\u1EC3' cannot be represented in the current code page (1252)
F:\OOP\NguyenKhaiDang_Ky2_2014-2015\Ky\QTuong.cpp(16,10): warning C4566: character represented by universal-character-name '\u1EED' cannot be represented in the current code page (1252)
F:\OOP\NguyenKhaiDang_Ky2_2014-2015\Ky\QTuong.cpp(16,10): warning C4566: character represented by universal-character-name '\u1ED1' cannot be represented in the current code page (1252)
F:\OOP\NguyenKhaiDang_Ky2_2014-2015\Ky\QTuong.cpp(16,10): warning C4566: character represented by universal-character-name '\u01A1' cannot be represented in the current code page (1252)
F:\OOP\NguyenKhaiDang_Ky2_2014-2015\Ky\QTuong.cpp(16,10): warning C4566: character represented by universal-character-name '\u1EBD' cannot be represented in the current code page (1252)
F:\OOP\NguyenKhaiDang_Ky2_2014-2015\Ky\QTuong.cpp(16,10): warning C4566: character represented by universal-character-name '\u1EC7' cannot be represented in the current code page (1252)
F:\OOP\NguyenKhaiDang_Ky2_2014-2015\Ky\QTuong.cpp(16,10): warning C4566: character represented by universal-character-name '\u1EB1' cannot be represented in the current code page (1252)
F:\OOP\NguyenKhaiDang_Ky2_2014-2015\Ky\QTuong.cpp(16,10): warning C4566: character represented by universal-character-name '\u1EB7' cannot be represented in the current code page (1252)
F:\OOP\NguyenKhaiDang_Ky2_2014-2015\Ky\QTuong.cpp(16,10): warning C4566: character represented by universal-character-name '\u1EEF' cannot be represented in the current code page (1252)
  QuanCo.cpp
  Si.cpp
F:\OOP\NguyenKhaiDang_Ky2_2014-2015\Ky\Si.cpp(16,11): warning C4566: character represented by universal-character-name '\u0110' cannot be represented in the current code page (1252)
F:\OOP\NguyenKhaiDang_Ky2_2014-2015\Ky\Si.cpp(16,11): warning C4566: character represented by universal-character-name '\u1ED7' cannot be represented in the current code page (1252)
F:\OOP\NguyenKhaiDang_Ky2_2014-2015\Ky\Si.cpp(16,11): warning C4566: character represented by universal-character-name '\u01B0' cannot be represented in the current code page (1252)
F:\OOP\NguyenKhaiDang_Ky2_2014-2015\Ky\Si.cpp(16,11): warning C4566: character represented by universal-character-name '\u1EDB' cannot be represented in the current code page (1252)
F:\OOP\NguyenKhaiDang_Ky2_2014-2015\Ky\Si.cpp(16,11): warning C4566: character represented by universal-character-name '\u0129' cannot be represented in the current code page (1252)
F:\OOP\NguyenKhaiDang_Ky2_2014-2015\Ky\Si.cpp(16,11): warning C4566: character represented by universal-character-name '\u1EA3' cannot be represented in the current code page (1252)
F:\OOP\NguyenKhaiDang_Ky2_2014-2015\Ky\Si.cpp(16,11): warning C4566: character represented by universal-character-name '\u1EDF' cannot be represented in the current code page (1252)
  Source.cpp
  Tot.cpp
F:\OOP\NguyenKhaiDang_Ky2_2014-2015\Ky\Tot.cpp(16,11): warning C4566: character represented by universal-character-name '\u0110' cannot be represented in the current code page (1252)
F:\OOP\NguyenKhaiDang_Ky2_2014-2015\Ky\Tot.cpp(16,11): warning C4566: character represented by universal-character-name '\u1ED9' cannot be represented in the current code page (1252)
F:\OOP\NguyenKhaiDang_Ky2_2014-2015\Ky\Tot.cpp(16,11): warning C4566: character represented by universal-character-name '\u1ED7' cannot be represented in the current code page (1252)
F:\OOP\NguyenKhaiDang_Ky2_2014-2015\Ky\Tot.cpp(16,11): warning C4566: character represented by universal-character-name '\u01B0' cannot be represented in the current code page (1252)
F:\OOP\NguyenKhaiDang_Ky2_2014-2015\Ky\Tot.cpp(16,11): warning C4566: character represented by universal-character-name '\u1EDB' cannot be represented in the current code page (1252)
F:\OOP\NguyenKhaiDang_Ky2_2014-2015\Ky\Tot.cpp(16,11): warning C4566: character represented by universal-character-name '\u1EBF' cannot be represented in the current code page (1252)
F:\OOP\NguyenKhaiDang_Ky2_2014-2015\Ky\Tot.cpp(16,11): warning C4566: character represented by universal-character-name '\u1ED1' cannot be represented in the current code page (1252)
F:\OOP\NguyenKhaiDang_Ky2_2014-2015\Ky\Tot.cpp(16,11): warning C4566: character represented by universal-character-name '\u1EE3' cannot be represented in the current code page (1252)
F:\OOP\NguyenKhaiDang_Ky2_2014-2015\Ky\Tot.cpp(16,11): warning C4566: character represented by universal-character-name '\u1EC9' cannot be represented in the current code page (1252)
F:\OOP\NguyenKhaiDang_Ky2_2014-2015\Ky\Tot.cpp(16,11): warning C4566: character represented by universal-character-name '\u1EC3' cannot be represented in the current code page (1252)
F:\OOP\NguyenKhaiDang_Ky2_2014-2015\Ky\Tot.cpp(16,11): warning C4566: character represented by universal-character-name '\u0111' cannot be represented in the current code page (1252)
F:\OOP\NguyenKhaiDang_Ky2_2014-2015\Ky\Tot.cpp(16,11): warning C4566: character represented by universal-character-name '\u1EB3' cannot be represented in the current code page (1252)
F:\OOP\NguyenKhaiDang_Ky2_2014-2015\Ky\Tot.cpp(16,11): warning C4566: character represented by universal-character-name '\u1ED3' cannot be represented in the current code page (1252)
  Tuong.cpp
F:\OOP\NguyenKhaiDang_Ky2_2014-2015\Ky\Tuong.cpp(16,10): warning C4566: character represented by universal-character-name '\u0110' cannot be represented in the current code page (1252)
F:\OOP\NguyenKhaiDang_Ky2_2014-2015\Ky\Tuong.cpp(16,10): warning C4566: character represented by universal-character-name '\u1EEB' cannot be represented in the current code page (1252)
F:\OOP\NguyenKhaiDang_Ky2_2014-2015\Ky\Tuong.cpp(16,10): warning C4566: character represented by universal-character-name '\u1ED9' cannot be represented in the current code page (1252)
F:\OOP\NguyenKhaiDang_Ky2_2014-2015\Ky\Tuong.cpp(16,10): warning C4566: character represented by universal-character-name '\u0111' cannot be represented in the current code page (1252)
F:\OOP\NguyenKhaiDang_Ky2_2014-2015\Ky\Tuong.cpp(16,10): warning C4566: character represented by universal-character-name '\u1EB7' cannot be represented in the current code page (1252)
F:\OOP\NguyenKhaiDang_Ky2_2014-2015\Ky\Tuong.cpp(16,10): warning C4566: character represented by universal-character-name '\u1ECD' cannot be represented in the current code page (1252)
F:\OOP\NguyenKhaiDang_Ky2_2014-2015\Ky\Tuong.cpp(16,10): warning C4566: character represented by universal-character-name '\u01B0' cannot be represented in the current code page (1252)
F:\OOP\NguyenKhaiDang_Ky2_2014-2015\Ky\Tuong.cpp(16,10): warning C4566: character represented by universal-character-name '\u1EDB' cannot be represented in the current code page (1252)
F:\OOP\NguyenKhaiDang_Ky2_2014-2015\Ky\Tuong.cpp(16,10): warning C4566: character represented by universal-character-name '\u1EA3' cannot be represented in the current code page (1252)
F:\OOP\NguyenKhaiDang_Ky2_2014-2015\Ky\Tuong.cpp(16,10): warning C4566: character represented by universal-character-name '\u1EDF' cannot be represented in the current code page (1252)
F:\OOP\NguyenKhaiDang_Ky2_2014-2015\Ky\Tuong.cpp(16,10): warning C4566: character represented by universal-character-name '\u1EA1' cannot be represented in the current code page (1252)
F:\OOP\NguyenKhaiDang_Ky2_2014-2015\Ky\Tuong.cpp(16,10): warning C4566: character represented by universal-character-name '\u1EE3' cannot be represented in the current code page (1252)
F:\OOP\NguyenKhaiDang_Ky2_2014-2015\Ky\Tuong.cpp(16,10): warning C4566: character represented by universal-character-name '\u1EE9' cannot be represented in the current code page (1252)
F:\OOP\NguyenKhaiDang_Ky2_2014-2015\Ky\Tuong.cpp(16,10): warning C4566: character represented by universal-character-name '\u1EA5' cannot be represented in the current code page (1252)
F:\OOP\NguyenKhaiDang_Ky2_2014-2015\Ky\Tuong.cpp(16,10): warning C4566: character represented by universal-character-name '\u1EB1' cannot be represented in the current code page (1252)
F:\OOP\NguyenKhaiDang_Ky2_2014-2015\Ky\Tuong.cpp(16,10): warning C4566: character represented by universal-character-name '\u1EDD' cannot be represented in the current code page (1252)
F:\OOP\NguyenKhaiDang_Ky2_2014-2015\Ky\Tuong.cpp(16,10): warning C4566: character represented by universal-character-name '\u1EEF' cannot be represented in the current code page (1252)
  Xe.cpp
F:\OOP\NguyenKhaiDang_Ky2_2014-2015\Ky\Xe.cpp(16,11): warning C4566: character represented by universal-character-name '\u0110' cannot be represented in the current code page (1252)
F:\OOP\NguyenKhaiDang_Ky2_2014-2015\Ky\Xe.cpp(16,11): warning C4566: character represented by universal-character-name '\u1ECD' cannot be represented in the current code page (1252)
F:\OOP\NguyenKhaiDang_Ky2_2014-2015\Ky\Xe.cpp(16,11): warning C4566: character represented by universal-character-name '\u1EDD' cannot be represented in the current code page (1252)
F:\OOP\NguyenKhaiDang_Ky2_2014-2015\Ky\Xe.cpp(16,11): warning C4566: character represented by universal-character-name '\u1EC5' cannot be represented in the current code page (1252)
F:\OOP\NguyenKhaiDang_Ky2_2014-2015\Ky\Xe.cpp(16,11): warning C4566: character represented by universal-character-name '\u0111' cannot be represented in the current code page (1252)
F:\OOP\NguyenKhaiDang_Ky2_2014-2015\Ky\Xe.cpp(16,11): warning C4566: character represented by universal-character-name '\u1EEB' cannot be represented in the current code page (1252)
F:\OOP\NguyenKhaiDang_Ky2_2014-2015\Ky\Xe.cpp(16,11): warning C4566: character represented by universal-character-name '\u1ECB' cannot be represented in the current code page (1252)
F:\OOP\NguyenKhaiDang_Ky2_2014-2015\Ky\Xe.cpp(16,11): warning C4566: character represented by universal-character-name '\u1EA3' cannot be represented in the current code page (1252)
F:\OOP\NguyenKhaiDang_Ky2_2014-2015\Ky\Xe.cpp(16,11): warning C4566: character represented by universal-character-name '\u01B0' cannot be represented in the current code page (1252)
F:\OOP\NguyenKhaiDang_Ky2_2014-2015\Ky\Xe.cpp(16,11): warning C4566: character represented by universal-character-name '\u1EC3' cannot be represented in the current code page (1252)
F:\OOP\NguyenKhaiDang_Ky2_2014-2015\Ky\Xe.cpp(16,11): warning C4566: character represented by universal-character-name '\u1EBF' cannot be represented in the current code page (1252)
  Generating Code...
  Ky.vcxproj -> F:\OOP\NguyenKhaiDang_Ky2_2014-2015\Debug\Ky.exe
